<?xml version="1.0" encoding="UTF-8"?>
<testng-results ignored="0" total="1" passed="1" failed="0" skipped="0">
  <reporter-output>
  </reporter-output>
  <suite started-at="2019-09-30T12:49:47Z" name="Default suite" finished-at="2019-09-30T12:49:47Z" duration-ms="36">
    <groups>
    </groups>
    <test started-at="2019-09-30T12:49:47Z" name="Default test" finished-at="2019-09-30T12:49:47Z" duration-ms="36">
      <class name="tweek.harpoon.TestTweek">
        <test-method signature="getName()[pri:0, instance:tweek.harpoon.TestTweek@7d8704ef]" started-at="2019-09-30T12:49:47Z" name="getName" finished-at="2019-09-30T12:49:47Z" duration-ms="7" status="PASS">
          <reporter-output>
          </reporter-output>
        </test-method> <!-- getName -->
      </class> <!-- tweek.harpoon.TestTweek -->
    </test> <!-- Default test -->
  </suite> <!-- Default suite -->
</testng-results>
